[05:12:45] [Server thread/INFO]: Starting minecraft server version 1.8.8
[05:12:45] [Server thread/INFO]: Loading properties
[05:12:45] [Server thread/INFO]: Default game type: SURVIVAL
[05:12:46] [Server thread/INFO]: This server is running CraftBukkit version git-PaperSpigot-445 (MC: 1.8.8) (Implementing API version 1.8.8-R0.1-SNAPSHOT)
[05:12:46] [Server thread/INFO]: Unable to find file banned-players.json, creating it.
[05:12:46] [Server thread/INFO]: Unable to find file banned-ips.json, creating it.
[05:12:46] [Server thread/INFO]: Unable to find file ops.json, creating it.
[05:12:46] [Server thread/INFO]: Unable to find file whitelist.json, creating it.
[05:12:46] [Server thread/INFO]: Debug logging is disabled
[05:12:46] [Server thread/INFO]: Spigot Timings: true - Verbose: true - Interval: 5m - Length: 60m
[05:12:46] [Server thread/INFO]: Server Ping Player Sample Count: 12

[05:12:46] [Server thread/INFO]: Using 4 threads for Netty based IO
[05:12:46] [Server thread/INFO]: Data value allowed items: 
[05:12:46] [Server thread/WARN]: java.lang.NoSuchFieldException: modifiers

[05:12:46] [Server thread/WARN]: 	at java.base/java.lang.Class.getDeclaredField(Class.java:2610)

[05:12:46] [Server thread/WARN]: 	at org.github.paperspigot.PaperSpigotConfig.stackableBuckets(PaperSpigotConfig.java:192)

[05:12:46] [Server thread/WARN]: 	at java.base/jdk.internal.reflect.NativeMethodAccessorImpl.invoke0(Native Method)

[05:12:46] [Server thread/WARN]: 	at java.base/jdk.internal.reflect.NativeMethodAccessorImpl.invoke(NativeMethodAccessorImpl.java:77)

[05:12:46] [Server thread/WARN]: 	at java.base/jdk.internal.reflect.DelegatingMethodAccessorImpl.invoke(DelegatingMethodAccessorImpl.java:43)

[05:12:46] [Server thread/WARN]: 	at java.base/java.lang.reflect.Method.invoke(Method.java:568)

[05:12:46] [Server thread/WARN]: 	at org.github.paperspigot.PaperSpigotConfig.readConfig(PaperSpigotConfig.java:84)

[05:12:46] [Server thread/WARN]: 	at org.github.paperspigot.PaperSpigotConfig.init(PaperSpigotConfig.java:62)

[05:12:46] [Server thread/WARN]: 	at net.minecraft.server.v1_8_R3.DedicatedServer.init(DedicatedServer.java:181)

[05:12:46] [Server thread/WARN]: 	at net.minecraft.server.v1_8_R3.MinecraftServer.run(MinecraftServer.java:563)

[05:12:46] [Server thread/WARN]: 	at java.base/java.lang.Thread.run(Thread.java:833)

[05:12:46] [Server thread/INFO]: Generating keypair
[05:12:46] [Server thread/INFO]: Starting Minecraft server on *:25565
[05:12:46] [Server thread/INFO]: Your platform does not provide complete low-level API for accessing direct buffers reliably. Unless explicitly requested, heap buffer will always be preferred to avoid potential system unstability.
[05:12:46] [Server thread/INFO]: Using epoll channel type
[05:12:46] [Server thread/INFO]: **** Beginning UUID conversion, this may take A LONG time ****
[05:12:46] [Server thread/INFO]: Preparing level "world"
[05:12:46] [Server thread/INFO]: -------- World Settings For [world] --------
[05:12:46] [Server thread/INFO]: Anti X-Ray: true
[05:12:46] [Server thread/INFO]: 	Engine Mode: 1
[05:12:46] [Server thread/INFO]: 	Hidden Blocks: [14, 15, 16, 21, 48, 49, 54, 56, 73, 74, 82, 129, 130]
[05:12:46] [Server thread/INFO]: 	Replace Blocks: [1, 5]
[05:12:46] [Server thread/INFO]: Nerfing mobs spawned from spawners: false
[05:12:46] [Server thread/INFO]: Mob Spawn Range: 4
[05:12:46] [Server thread/INFO]: Cactus Growth Modifier: 100%
[05:12:46] [Server thread/INFO]: Cane Growth Modifier: 100%
[05:12:46] [Server thread/INFO]: Melon Growth Modifier: 100%
[05:12:46] [Server thread/INFO]: Mushroom Growth Modifier: 100%
[05:12:46] [Server thread/INFO]: Pumpkin Growth Modifier: 100%
[05:12:46] [Server thread/INFO]: Sapling Growth Modifier: 100%
[05:12:46] [Server thread/INFO]: Wheat Growth Modifier: 100%
[05:12:46] [Server thread/INFO]: NetherWart Growth Modifier: 100%
[05:12:46] [Server thread/INFO]: Entity Activation Range: An 32 / Mo 32 / Mi 16
[05:12:46] [Server thread/INFO]: Entity Tracking Range: Pl 48 / An 48 / Mo 48 / Mi 32 / Other 64
[05:12:46] [Server thread/INFO]: Hopper Transfer: 8 Hopper Check: 8 Hopper Amount: 1
[05:12:46] [Server thread/INFO]: Random Lighting Updates: false
[05:12:46] [Server thread/INFO]: Structure Info Saving: true
[05:12:46] [Server thread/INFO]: Sending up to 10 chunks per packet
[05:12:46] [Server thread/INFO]: Max Entity Collisions: 8
[05:12:46] [Server thread/INFO]: Custom Map Seeds:  Village: 10387312 Feature: 14357617
[05:12:46] [Server thread/INFO]: Max TNT Explosions: 100
[05:12:46] [Server thread/INFO]: Tile Max Tick Time: 50ms Entity max Tick Time: 50ms
[05:12:46] [Server thread/INFO]: Item Despawn Rate: 6000
[05:12:46] [Server thread/INFO]: Item Merge Radius: 2.5
[05:12:46] [Server thread/INFO]: Arrow Despawn Rate: 1200
[05:12:46] [Server thread/INFO]: Allow Zombie Pigmen to spawn from portal blocks: true
[05:12:46] [Server thread/INFO]: View Distance: 10
[05:12:46] [Server thread/INFO]: Zombie Aggressive Towards Villager: true
[05:12:46] [Server thread/INFO]: Chunks to Grow per Tick: 650
[05:12:46] [Server thread/INFO]: Clear tick list: false
[05:12:46] [Server thread/INFO]: Experience Merge Radius: 3.0
[05:12:46] [Server thread/INFO]: -------- World Settings For [world] --------
[05:12:46] [Server thread/INFO]: Max height for cactus growth 3. Max height for reed growth 3
[05:12:46] [Server thread/INFO]: Living Entity Despawn Ranges:  Soft: 32 Hard: 128
[05:12:46] [Server thread/INFO]: Player blocking damage multiplier set to 0.5
[05:12:46] [Server thread/INFO]: Remove invalid mob spawner tile entities: true
[05:12:46] [Server thread/INFO]: Squids will spawn between Y: 45.0 and Y: 63.0
[05:12:46] [Server thread/INFO]: Water over lava flow speed: 5
[05:12:46] [Server thread/INFO]: Fix TNT cannons: false
[05:12:46] [Server thread/INFO]: Allow undead horse types to be leashed: false
[05:12:46] [Server thread/INFO]: Keep spawn chunk loaded: true
[05:12:46] [Server thread/INFO]: World async lighting: false
[05:12:46] [Server thread/INFO]: WorldServer TickNextTick cap set at 10000
[05:12:46] [Server thread/INFO]: WorldServer TickNextTickList cap always processes redstone: false
[05:12:46] [Server thread/WARN]: Unable to find spawn biome
[05:12:46] [Server thread/INFO]: -------- World Settings For [world_nether] --------
[05:12:46] [Server thread/INFO]: Anti X-Ray: true
[05:12:46] [Server thread/INFO]: 	Engine Mode: 1
[05:12:46] [Server thread/INFO]: 	Hidden Blocks: [14, 15, 16, 21, 48, 49, 54, 56, 73, 74, 82, 129, 130]
[05:12:46] [Server thread/INFO]: 	Replace Blocks: [1, 5]
[05:12:46] [Server thread/INFO]: Nerfing mobs spawned from spawners: false
[05:12:46] [Server thread/INFO]: Mob Spawn Range: 4
[05:12:46] [Server thread/INFO]: Cactus Growth Modifier: 100%
[05:12:46] [Server thread/INFO]: Cane Growth Modifier: 100%
[05:12:46] [Server thread/INFO]: Melon Growth Modifier: 100%
[05:12:46] [Server thread/INFO]: Mushroom Growth Modifier: 100%
[05:12:46] [Server thread/INFO]: Pumpkin Growth Modifier: 100%
[05:12:46] [Server thread/INFO]: Sapling Growth Modifier: 100%
[05:12:46] [Server thread/INFO]: Wheat Growth Modifier: 100%
[05:12:46] [Server thread/INFO]: NetherWart Growth Modifier: 100%
[05:12:46] [Server thread/INFO]: Entity Activation Range: An 32 / Mo 32 / Mi 16
[05:12:46] [Server thread/INFO]: Entity Tracking Range: Pl 48 / An 48 / Mo 48 / Mi 32 / Other 64
[05:12:46] [Server thread/INFO]: Hopper Transfer: 8 Hopper Check: 8 Hopper Amount: 1
[05:12:46] [Server thread/INFO]: Random Lighting Updates: false
[05:12:46] [Server thread/INFO]: Structure Info Saving: true
[05:12:46] [Server thread/INFO]: Sending up to 10 chunks per packet
[05:12:46] [Server thread/INFO]: Max Entity Collisions: 8
[05:12:46] [Server thread/INFO]: Custom Map Seeds:  Village: 10387312 Feature: 14357617
[05:12:46] [Server thread/INFO]: Max TNT Explosions: 100
[05:12:46] [Server thread/INFO]: Tile Max Tick Time: 50ms Entity max Tick Time: 50ms
[05:12:46] [Server thread/INFO]: Item Despawn Rate: 6000
[05:12:46] [Server thread/INFO]: Item Merge Radius: 2.5
[05:12:46] [Server thread/INFO]: Arrow Despawn Rate: 1200
[05:12:46] [Server thread/INFO]: Allow Zombie Pigmen to spawn from portal blocks: true
[05:12:46] [Server thread/INFO]: View Distance: 10
[05:12:46] [Server thread/INFO]: Zombie Aggressive Towards Villager: true
[05:12:46] [Server thread/INFO]: Chunks to Grow per Tick: 650
[05:12:46] [Server thread/INFO]: Clear tick list: false
[05:12:46] [Server thread/INFO]: Experience Merge Radius: 3.0
[05:12:46] [Server thread/INFO]: -------- World Settings For [world_nether] --------
[05:12:46] [Server thread/INFO]: Max height for cactus growth 3. Max height for reed growth 3
[05:12:46] [Server thread/INFO]: Living Entity Despawn Ranges:  Soft: 32 Hard: 128
[05:12:46] [Server thread/INFO]: Player blocking damage multiplier set to 0.5
[05:12:46] [Server thread/INFO]: Remove invalid mob spawner tile entities: true
[05:12:46] [Server thread/INFO]: Squids will spawn between Y: 45.0 and Y: 63.0
[05:12:46] [Server thread/INFO]: Water over lava flow speed: 5
[05:12:46] [Server thread/INFO]: Fix TNT cannons: false
[05:12:46] [Server thread/INFO]: Allow undead horse types to be leashed: false
[05:12:46] [Server thread/INFO]: Keep spawn chunk loaded: true
[05:12:46] [Server thread/INFO]: World async lighting: false
[05:12:46] [Server thread/INFO]: WorldServer TickNextTick cap set at 10000
[05:12:46] [Server thread/INFO]: WorldServer TickNextTickList cap always processes redstone: false
[05:12:46] [Server thread/INFO]: -------- World Settings For [world_the_end] --------
[05:12:46] [Server thread/INFO]: Anti X-Ray: true
[05:12:46] [Server thread/INFO]: 	Engine Mode: 1
[05:12:46] [Server thread/INFO]: 	Hidden Blocks: [14, 15, 16, 21, 48, 49, 54, 56, 73, 74, 82, 129, 130]
[05:12:46] [Server thread/INFO]: 	Replace Blocks: [1, 5]
[05:12:46] [Server thread/INFO]: Nerfing mobs spawned from spawners: false
[05:12:46] [Server thread/INFO]: Mob Spawn Range: 4
[05:12:46] [Server thread/INFO]: Cactus Growth Modifier: 100%
[05:12:46] [Server thread/INFO]: Cane Growth Modifier: 100%
[05:12:46] [Server thread/INFO]: Melon Growth Modifier: 100%
[05:12:46] [Server thread/INFO]: Mushroom Growth Modifier: 100%
[05:12:46] [Server thread/INFO]: Pumpkin Growth Modifier: 100%
[05:12:46] [Server thread/INFO]: Sapling Growth Modifier: 100%
[05:12:46] [Server thread/INFO]: Wheat Growth Modifier: 100%
[05:12:46] [Server thread/INFO]: NetherWart Growth Modifier: 100%
[05:12:46] [Server thread/INFO]: Entity Activation Range: An 32 / Mo 32 / Mi 16
[05:12:46] [Server thread/INFO]: Entity Tracking Range: Pl 48 / An 48 / Mo 48 / Mi 32 / Other 64
[05:12:46] [Server thread/INFO]: Hopper Transfer: 8 Hopper Check: 8 Hopper Amount: 1
[05:12:46] [Server thread/INFO]: Random Lighting Updates: false
[05:12:46] [Server thread/INFO]: Structure Info Saving: true
[05:12:46] [Server thread/INFO]: Sending up to 10 chunks per packet
[05:12:46] [Server thread/INFO]: Max Entity Collisions: 8
[05:12:46] [Server thread/INFO]: Custom Map Seeds:  Village: 10387312 Feature: 14357617
[05:12:46] [Server thread/INFO]: Max TNT Explosions: 100
[05:12:46] [Server thread/INFO]: Tile Max Tick Time: 50ms Entity max Tick Time: 50ms
[05:12:46] [Server thread/INFO]: Item Despawn Rate: 6000
[05:12:46] [Server thread/INFO]: Item Merge Radius: 2.5
[05:12:46] [Server thread/INFO]: Arrow Despawn Rate: 1200
[05:12:46] [Server thread/INFO]: Allow Zombie Pigmen to spawn from portal blocks: true
[05:12:46] [Server thread/INFO]: View Distance: 10
[05:12:46] [Server thread/INFO]: Zombie Aggressive Towards Villager: true
[05:12:46] [Server thread/INFO]: Chunks to Grow per Tick: 650
[05:12:46] [Server thread/INFO]: Clear tick list: false
[05:12:46] [Server thread/INFO]: Experience Merge Radius: 3.0
[05:12:46] [Server thread/INFO]: -------- World Settings For [world_the_end] --------
[05:12:46] [Server thread/INFO]: Max height for cactus growth 3. Max height for reed growth 3
[05:12:46] [Server thread/INFO]: Living Entity Despawn Ranges:  Soft: 32 Hard: 128
[05:12:46] [Server thread/INFO]: Player blocking damage multiplier set to 0.5
[05:12:46] [Server thread/INFO]: Remove invalid mob spawner tile entities: true
[05:12:46] [Server thread/INFO]: Squids will spawn between Y: 45.0 and Y: 63.0
[05:12:46] [Server thread/INFO]: Water over lava flow speed: 5
[05:12:46] [Server thread/INFO]: Fix TNT cannons: false
[05:12:46] [Server thread/INFO]: Allow undead horse types to be leashed: false
[05:12:46] [Server thread/INFO]: Keep spawn chunk loaded: true
[05:12:46] [Server thread/INFO]: World async lighting: false
[05:12:46] [Server thread/INFO]: WorldServer TickNextTick cap set at 10000
[05:12:46] [Server thread/INFO]: WorldServer TickNextTickList cap always processes redstone: false
[05:12:46] [Server thread/INFO]: Preparing start region for level 0 (Seed: 1549804742314319552)
[05:12:47] [Server thread/INFO]: Preparing spawn area: 8%
[05:12:48] [Server thread/INFO]: Preparing spawn area: 14%
[05:12:49] [Server thread/INFO]: Preparing spawn area: 24%
[05:12:50] [Server thread/INFO]: Preparing spawn area: 35%
[05:12:51] [Server thread/INFO]: Preparing spawn area: 47%
[05:12:52] [Server thread/INFO]: Preparing spawn area: 60%
[05:12:53] [Server thread/INFO]: Preparing spawn area: 73%
[05:12:54] [Server thread/INFO]: Preparing spawn area: 90%
[05:12:55] [Server thread/INFO]: Preparing start region for level 1 (Seed: 1549804742314319552)
[05:12:56] [Server thread/INFO]: Preparing spawn area: 18%
[05:12:57] [Server thread/INFO]: Preparing spawn area: 42%
[05:12:58] [Server thread/INFO]: Preparing spawn area: 65%
[05:12:59] [Server thread/INFO]: Preparing spawn area: 82%
[05:12:59] [Server thread/INFO]: Preparing start region for level 2 (Seed: 1549804742314319552)
[05:13:00] [Server thread/INFO]: Preparing spawn area: 56%
[05:13:01] [Server thread/INFO]: Done (15.184s)! For help, type "help" or "?"
[05:13:01] [Server thread/INFO]: Timings Reset
[05:13:39] [Server thread/INFO]: [0;33;1m--------- [0;37;1mHelp: Index [0;33;1m---------------------------[m

[05:13:39] [Server thread/INFO]: [0;37;22mUse /help [n] to get page n of help.[m

[05:13:39] [Server thread/INFO]: [0;33;22mAliases: [0;37;1mLists command aliases[m

[05:13:39] [Server thread/INFO]: [0;33;22mBukkit: [0;37;1mAll commands for Bukkit[m

[05:13:39] [Server thread/INFO]: [0;33;22mMinecraft: [0;37;1mAll commands for Minecraft[m

[05:13:39] [Server thread/INFO]: [0;33;22m/achievement: [0;37;1mA Mojang provided command.[m

[05:13:39] [Server thread/INFO]: [0;33;22m/ban: [0;37;1mA Mojang provided command.[m

[05:13:39] [Server thread/INFO]: [0;33;22m/ban-ip: [0;37;1mA Mojang provided command.[m

[05:13:39] [Server thread/INFO]: [0;33;22m/banlist: [0;37;1mA Mojang provided command.[m

[05:13:39] [Server thread/INFO]: [0;33;22m/blockdata: [0;37;1mA Mojang provided command.[m

[05:13:39] [Server thread/INFO]: [0;33;22m/clear: [0;37;1mA Mojang provided command.[m

[05:13:39] [Server thread/INFO]: [0;33;22m/clone: [0;37;1mA Mojang provided command.[m

[05:13:39] [Server thread/INFO]: [0;33;22m/debug: [0;37;1mA Mojang provided command.[m

[05:13:39] [Server thread/INFO]: [0;33;22m/defaultgamemode: [0;37;1mA Mojang provided command.[m

[05:13:39] [Server thread/INFO]: [0;33;22m/deop: [0;37;1mA Mojang provided command.[m

[05:13:39] [Server thread/INFO]: [0;33;22m/difficulty: [0;37;1mA Mojang provided command.[m

[05:13:39] [Server thread/INFO]: [0;33;22m/effect: [0;37;1mA Mojang provided command.[m

[05:13:39] [Server thread/INFO]: [0;33;22m/enchant: [0;37;1mA Mojang provided command.[m

[05:13:39] [Server thread/INFO]: [0;33;22m/entitydata: [0;37;1mA Mojang provided command.[m

[05:13:39] [Server thread/INFO]: [0;33;22m/execute: [0;37;1mA Mojang provided command.[m

[05:13:39] [Server thread/INFO]: [0;33;22m/fill: [0;37;1mA Mojang provided command.[m

[05:13:39] [Server thread/INFO]: [0;33;22m/gamemode: [0;37;1mA Mojang provided command.[m

[05:13:39] [Server thread/INFO]: [0;33;22m/gamerule: [0;37;1mA Mojang provided command.[m

[05:13:39] [Server thread/INFO]: [0;33;22m/give: [0;37;1mA Mojang provided command.[m

[05:13:39] [Server thread/INFO]: [0;33;22m/help: [0;37;1mShows the help menu[m

[05:13:39] [Server thread/INFO]: [0;33;22m/kick: [0;37;1mA Mojang provided command.[m

[05:13:39] [Server thread/INFO]: [0;33;22m/kill: [0;37;1mA Mojang provided command.[m

[05:13:39] [Server thread/INFO]: [0;33;22m/list: [0;37;1mA Mojang provided command.[m

[05:13:39] [Server thread/INFO]: [0;33;22m/me: [0;37;1mA Mojang provided command.[m

[05:13:39] [Server thread/INFO]: [0;33;22m/minecraft:help: [0;37;1mA Mojang provided command.[m

[05:13:39] [Server thread/INFO]: [0;33;22m/minecraft:tell: [0;37;1mA Mojang provided command.[m

[05:13:39] [Server thread/INFO]: [0;33;22m/op: [0;37;1mA Mojang provided command.[m

[05:13:39] [Server thread/INFO]: [0;33;22m/pardon: [0;37;1mA Mojang provided command.[m

[05:13:39] [Server thread/INFO]: [0;33;22m/pardon-ip: [0;37;1mA Mojang provided command.[m

[05:13:39] [Server thread/INFO]: [0;33;22m/particle: [0;37;1mA Mojang provided command.[m

[05:13:39] [Server thread/INFO]: [0;33;22m/playsound: [0;37;1mA Mojang provided command.[m

[05:13:39] [Server thread/INFO]: [0;33;22m/plugins: [0;37;1mGets a list of plugins running on the server[m

[05:13:39] [Server thread/INFO]: [0;33;22m/reload: [0;37;1mReloads the server configuration and plugins[m

[05:13:39] [Server thread/INFO]: [0;33;22m/replaceitem: [0;37;1mA Mojang provided command.[m

[05:13:39] [Server thread/INFO]: [0;33;22m/restart: [0;37;1mRestarts the server[m

[05:13:39] [Server thread/INFO]: [0;33;22m/save-all: [0;37;1mA Mojang provided command.[m

[05:13:39] [Server thread/INFO]: [0;33;22m/save-off: [0;37;1mA Mojang provided command.[m

[05:13:39] [Server thread/INFO]: [0;33;22m/save-on: [0;37;1mA Mojang provided command.[m

[05:13:39] [Server thread/INFO]: [0;33;22m/say: [0;37;1mA Mojang provided command.[m

[05:13:39] [Server thread/INFO]: [0;33;22m/scoreboard: [0;37;1mA Mojang provided command.[m

[05:13:39] [Server thread/INFO]: [0;33;22m/seed: [0;37;1mA Mojang provided command.[m

[05:13:39] [Server thread/INFO]: [0;33;22m/setblock: [0;37;1mA Mojang provided command.[m

[05:13:39] [Server thread/INFO]: [0;33;22m/setidletimeout: [0;37;1mA Mojang provided command.[m

[05:13:39] [Server thread/INFO]: [0;33;22m/setworldspawn: [0;37;1mA Mojang provided command.[m

[05:13:39] [Server thread/INFO]: [0;33;22m/spawnpoint: [0;37;1mA Mojang provided command.[m

[05:13:39] [Server thread/INFO]: [0;33;22m/spreadplayers: [0;37;1mA Mojang provided command.[m

[05:13:39] [Server thread/INFO]: [0;33;22m/stats: [0;37;1mA Mojang provided command.[m

[05:13:39] [Server thread/INFO]: [0;33;22m/stop: [0;37;1mA Mojang provided command.[m

[05:13:39] [Server thread/INFO]: [0;33;22m/summon: [0;37;1mA Mojang provided command.[m

[05:13:39] [Server thread/INFO]: [0;33;22m/tell: [0;37;1mA Mojang provided command.[m

[05:13:39] [Server thread/INFO]: [0;33;22m/tellraw: [0;37;1mA Mojang provided command.[m

[05:13:39] [Server thread/INFO]: [0;33;22m/testfor: [0;37;1mA Mojang provided command.[m

[05:13:39] [Server thread/INFO]: [0;33;22m/testforblock: [0;37;1mA Mojang provided command.[m

[05:13:39] [Server thread/INFO]: [0;33;22m/testforblocks: [0;37;1mA Mojang provided command.[m

[05:13:39] [Server thread/INFO]: [0;33;22m/time: [0;37;1mA Mojang provided command.[m

[05:13:39] [Server thread/INFO]: [0;33;22m/timings: [0;37;1mManages Spigot Timings data to see performance of the server.[m

[05:13:39] [Server thread/INFO]: [0;33;22m/title: [0;37;1mA Mojang provided command.[m

[05:13:39] [Server thread/INFO]: [0;33;22m/toggledownfall: [0;37;1mA Mojang provided command.[m

[05:13:39] [Server thread/INFO]: [0;33;22m/tp: [0;37;1mA Mojang provided command.[m

[05:13:39] [Server thread/INFO]: [0;33;22m/tps: [0;37;1mGets the current ticks per second for the server[m

[05:13:39] [Server thread/INFO]: [0;33;22m/trigger: [0;37;1mA Mojang provided command.[m

[05:13:39] [Server thread/INFO]: [0;33;22m/version: [0;37;1mGets the version of this server including any plugins in use[m

[05:13:39] [Server thread/INFO]: [0;33;22m/weather: [0;37;1mA Mojang provided command.[m

[05:13:39] [Server thread/INFO]: [0;33;22m/whitelist: [0;37;1mA Mojang provided command.[m

[05:13:39] [Server thread/INFO]: [0;33;22m/worldborder: [0;37;1mA Mojang provided command.[m

[05:13:39] [Server thread/INFO]: [0;33;22m/xp: [0;37;1mA Mojang provided command.[m

[05:13:49] [Server thread/INFO]: [0;33;22mTPS from last 1m, 5m, 15m: [0;32;1m*20.0, [0;32;1m*20.0, [0;32;1m*20.0[m

[05:14:16] [Server thread/INFO]: Stopping the server
[05:14:16] [Server thread/INFO]: Stopping server
[05:14:16] [Server thread/INFO]: Saving players
[05:14:16] [Server thread/INFO]: Saving worlds
[05:14:16] [Server thread/INFO]: Saving chunks for level 'world'/Overworld
[05:14:16] [Server thread/INFO]: Saving chunks for level 'world_nether'/Nether
[05:14:16] [Server thread/INFO]: Saving chunks for level 'world_the_end'/The End
